1530081571117	geckodriver	INFO	geckodriver 0.20.1
1530081571185	geckodriver	INFO	Listening on 127.0.0.1:54121
1530081572161	mozrunner::runner	INFO	Running command: "/Applications/Firefox.app/Contents/MacOS/firefox-bin" "-marionette" "-profile" "/var/folders/s0/wmkqj225197fdx33jq0nl7100000gn/T/rust_mozprofile.qH0dqRT1u25C"
2018-06-26 23:39:33.938 plugin-container[6689:507648] Unable to find feedback application.
2018-06-26 23:39:33.945 plugin-container[6689:507648] *** CFMessagePort: bootstrap_register(): failed 1100 (0x44c) 'Permission denied', port = 0x8443, name = 'com.apple.tsm.portname'
See /usr/include/servers/bootstrap_defs.h for the error codes.
1530081574434	Marionette	INFO	Listening on port 54132
1530081574507	Marionette	WARN	TLS certificate errors will be ignored for this session
2018-06-26 23:39:35.587 plugin-container[6690:507736] Unable to find feedback application.
2018-06-26 23:39:35.596 plugin-container[6690:507736] *** CFMessagePort: bootstrap_register(): failed 1100 (0x44c) 'Permission denied', port = 0x8a3f, name = 'com.apple.tsm.portname'
See /usr/include/servers/bootstrap_defs.h for the error codes.
1530081586789	geckodriver	INFO	geckodriver 0.20.1
1530081586903	geckodriver	INFO	Listening on 127.0.0.1:54265
1530081587806	mozrunner::runner	INFO	Running command: "/Applications/Firefox.app/Contents/MacOS/firefox-bin" "-marionette" "-profile" "/var/folders/s0/wmkqj225197fdx33jq0nl7100000gn/T/rust_mozprofile.UM85RQYC0bZ0"
2018-06-26 23:39:49.213 plugin-container[6694:508204] Unable to find feedback application.
2018-06-26 23:39:49.222 plugin-container[6694:508204] *** CFMessagePort: bootstrap_register(): failed 1100 (0x44c) 'Permission denied', port = 0x823f, name = 'com.apple.tsm.portname'
See /usr/include/servers/bootstrap_defs.h for the error codes.
1530081589825	Marionette	INFO	Listening on port 54272
1530081589921	Marionette	WARN	TLS certificate errors will be ignored for this session
2018-06-26 23:39:50.362 plugin-container[6695:508296] Unable to find feedback application.
2018-06-26 23:39:50.368 plugin-container[6695:508296] *** CFMessagePort: bootstrap_register(): failed 1100 (0x44c) 'Permission denied', port = 0x703f, name = 'com.apple.tsm.portname'
See /usr/include/servers/bootstrap_defs.h for the error codes.
1530081884487	geckodriver	INFO	geckodriver 0.20.1
1530081884559	geckodriver	INFO	Listening on 127.0.0.1:55029
1530081885515	mozrunner::runner	INFO	Running command: "/Applications/Firefox.app/Contents/MacOS/firefox-bin" "-marionette" "-profile" "/var/folders/s0/wmkqj225197fdx33jq0nl7100000gn/T/rust_mozprofile.jzUvSzSAdTBY"
2018-06-26 23:44:47.282 plugin-container[6936:512440] Unable to find feedback application.
2018-06-26 23:44:47.289 plugin-container[6936:512440] *** CFMessagePort: bootstrap_register(): failed 1100 (0x44c) 'Permission denied', port = 0x8a07, name = 'com.apple.tsm.portname'
See /usr/include/servers/bootstrap_defs.h for the error codes.
1530081888010	Marionette	INFO	Listening on port 55040
1530081888053	Marionette	WARN	TLS certificate errors will be ignored for this session
2018-06-26 23:44:48.885 plugin-container[6937:512542] Unable to find feedback application.
2018-06-26 23:44:48.892 plugin-container[6937:512542] *** CFMessagePort: bootstrap_register(): failed 1100 (0x44c) 'Permission denied', port = 0x7343, name = 'com.apple.tsm.portname'
See /usr/include/servers/bootstrap_defs.h for the error codes.
1530081903246	geckodriver	INFO	geckodriver 0.20.1
1530081903521	geckodriver	INFO	Listening on 127.0.0.1:55197
1530081904294	mozrunner::runner	INFO	Running command: "/Applications/Firefox.app/Contents/MacOS/firefox-bin" "-marionette" "-profile" "/var/folders/s0/wmkqj225197fdx33jq0nl7100000gn/T/rust_mozprofile.fjTDr0b9Qnxy"
2018-06-26 23:45:05.923 plugin-container[6941:513054] Unable to find feedback application.
2018-06-26 23:45:05.933 plugin-container[6941:513054] *** CFMessagePort: bootstrap_register(): failed 1100 (0x44c) 'Permission denied', port = 0x8443, name = 'com.apple.tsm.portname'
See /usr/include/servers/bootstrap_defs.h for the error codes.
1530081906454	Marionette	INFO	Listening on port 55206
1530081906536	Marionette	WARN	TLS certificate errors will be ignored for this session
2018-06-26 23:45:07.388 plugin-container[6942:513135] Unable to find feedback application.
2018-06-26 23:45:07.418 plugin-container[6942:513135] *** CFMessagePort: bootstrap_register(): failed 1100 (0x44c) 'Permission denied', port = 0x723f, name = 'com.apple.tsm.portname'
See /usr/include/servers/bootstrap_defs.h for the error codes.
*** UTM:SVC TimerManager:registerTimer called after profile-before-change notification. Ignoring timer registration for id: telemetry_modules_ping
1530081960676	geckodriver	INFO	geckodriver 0.20.1
1530081960750	geckodriver	INFO	Listening on 127.0.0.1:55431
1530081961728	mozrunner::runner	INFO	Running command: "/Applications/Firefox.app/Contents/MacOS/firefox-bin" "-marionette" "-profile" "/var/folders/s0/wmkqj225197fdx33jq0nl7100000gn/T/rust_mozprofile.07wUqqEo055e"
2018-06-26 23:46:03.615 plugin-container[6997:514648] Unable to find feedback application.
2018-06-26 23:46:03.622 plugin-container[6997:514648] *** CFMessagePort: bootstrap_register(): failed 1100 (0x44c) 'Permission denied', port = 0x793b, name = 'com.apple.tsm.portname'
See /usr/include/servers/bootstrap_defs.h for the error codes.
1530081964625	Marionette	INFO	Listening on port 55439
1530081964743	Marionette	WARN	TLS certificate errors will be ignored for this session
2018-06-26 23:46:04.867 plugin-container[7007:514778] Unable to find feedback application.
2018-06-26 23:46:04.874 plugin-container[7007:514778] *** CFMessagePort: bootstrap_register(): failed 1100 (0x44c) 'Permission denied', port = 0x7243, name = 'com.apple.tsm.portname'
See /usr/include/servers/bootstrap_defs.h for the error codes.
1530081973091	geckodriver	INFO	geckodriver 0.20.1
1530081973161	geckodriver	INFO	Listening on 127.0.0.1:55582
1530081974113	mozrunner::runner	INFO	Running command: "/Applications/Firefox.app/Contents/MacOS/firefox-bin" "-marionette" "-profile" "/var/folders/s0/wmkqj225197fdx33jq0nl7100000gn/T/rust_mozprofile.r1nb4DVdGkpV"
2018-06-26 23:46:15.397 plugin-container[7010:515203] Unable to find feedback application.
2018-06-26 23:46:15.406 plugin-container[7010:515203] *** CFMessagePort: bootstrap_register(): failed 1100 (0x44c) 'Permission denied', port = 0x8907, name = 'com.apple.tsm.portname'
See /usr/include/servers/bootstrap_defs.h for the error codes.
1530081975797	Marionette	INFO	Listening on port 55598
1530081975831	Marionette	WARN	TLS certificate errors will be ignored for this session
2018-06-26 23:46:16.469 plugin-container[7011:515282] Unable to find feedback application.
2018-06-26 23:46:16.483 plugin-container[7011:515282] *** CFMessagePort: bootstrap_register(): failed 1100 (0x44c) 'Permission denied', port = 0x6e03, name = 'com.apple.tsm.portname'
See /usr/include/servers/bootstrap_defs.h for the error codes.
1530082053240	geckodriver	INFO	geckodriver 0.20.1
1530082053344	geckodriver	INFO	Listening on 127.0.0.1:55786
1530082054276	mozrunner::runner	INFO	Running command: "/Applications/Firefox.app/Contents/MacOS/firefox-bin" "-marionette" "-profile" "/var/folders/s0/wmkqj225197fdx33jq0nl7100000gn/T/rust_mozprofile.2pjGAt0dGxrZ"
2018-06-26 23:47:35.875 plugin-container[7052:516705] Unable to find feedback application.
2018-06-26 23:47:35.884 plugin-container[7052:516705] *** CFMessagePort: bootstrap_register(): failed 1100 (0x44c) 'Permission denied', port = 0x813f, name = 'com.apple.tsm.portname'
See /usr/include/servers/bootstrap_defs.h for the error codes.
1530082056369	Marionette	INFO	Listening on port 55793
1530082056398	Marionette	WARN	TLS certificate errors will be ignored for this session
2018-06-26 23:47:37.012 plugin-container[7053:516780] Unable to find feedback application.
2018-06-26 23:47:37.019 plugin-container[7053:516780] *** CFMessagePort: bootstrap_register(): failed 1100 (0x44c) 'Permission denied', port = 0x803f, name = 'com.apple.tsm.portname'
See /usr/include/servers/bootstrap_defs.h for the error codes.
1530082068492	geckodriver	INFO	geckodriver 0.20.1
1530082068556	geckodriver	INFO	Listening on 127.0.0.1:55933
1530082069513	mozrunner::runner	INFO	Running command: "/Applications/Firefox.app/Contents/MacOS/firefox-bin" "-marionette" "-profile" "/var/folders/s0/wmkqj225197fdx33jq0nl7100000gn/T/rust_mozprofile.LEYhkpoeRHHC"
2018-06-26 23:47:51.056 plugin-container[7057:517270] Unable to find feedback application.
2018-06-26 23:47:51.063 plugin-container[7057:517270] *** CFMessagePort: bootstrap_register(): failed 1100 (0x44c) 'Permission denied', port = 0x8503, name = 'com.apple.tsm.portname'
See /usr/include/servers/bootstrap_defs.h for the error codes.
1530082071689	Marionette	INFO	Listening on port 55944
1530082071744	Marionette	WARN	TLS certificate errors will be ignored for this session
2018-06-26 23:47:52.471 plugin-container[7058:517370] Unable to find feedback application.
2018-06-26 23:47:52.483 plugin-container[7058:517370] *** CFMessagePort: bootstrap_register(): failed 1100 (0x44c) 'Permission denied', port = 0x863f, name = 'com.apple.tsm.portname'
See /usr/include/servers/bootstrap_defs.h for the error codes.
1530082600122	geckodriver	INFO	geckodriver 0.20.1
1530082600206	geckodriver	INFO	Listening on 127.0.0.1:56662
1530082601145	mozrunner::runner	INFO	Running command: "/Applications/Firefox.app/Contents/MacOS/firefox-bin" "-marionette" "-profile" "/var/folders/s0/wmkqj225197fdx33jq0nl7100000gn/T/rust_mozprofile.VoCV2v2LIkor"
2018-06-26 23:56:42.434 plugin-container[7189:523238] Unable to find feedback application.
2018-06-26 23:56:42.441 plugin-container[7189:523238] *** CFMessagePort: bootstrap_register(): failed 1100 (0x44c) 'Permission denied', port = 0x8a3f, name = 'com.apple.tsm.portname'
See /usr/include/servers/bootstrap_defs.h for the error codes.
1530082603026	Marionette	INFO	Listening on port 56669
1530082603160	Marionette	WARN	TLS certificate errors will be ignored for this session
2018-06-26 23:56:44.542 plugin-container[7190:523326] Unable to find feedback application.
2018-06-26 23:56:44.564 plugin-container[7190:523326] *** CFMessagePort: bootstrap_register(): failed 1100 (0x44c) 'Permission denied', port = 0x8b03, name = 'com.apple.tsm.portname'
See /usr/include/servers/bootstrap_defs.h for the error codes.
1530082619642	geckodriver	INFO	geckodriver 0.20.1
1530082619711	geckodriver	INFO	Listening on 127.0.0.1:56804
1530082620662	mozrunner::runner	INFO	Running command: "/Applications/Firefox.app/Contents/MacOS/firefox-bin" "-marionette" "-profile" "/var/folders/s0/wmkqj225197fdx33jq0nl7100000gn/T/rust_mozprofile.QJg8XwzPKqmz"
2018-06-26 23:57:02.012 plugin-container[7202:523715] Unable to find feedback application.
2018-06-26 23:57:02.020 plugin-container[7202:523715] *** CFMessagePort: bootstrap_register(): failed 1100 (0x44c) 'Permission denied', port = 0x793f, name = 'com.apple.tsm.portname'
See /usr/include/servers/bootstrap_defs.h for the error codes.
1530082622717	Marionette	INFO	Listening on port 56811
1530082622800	Marionette	WARN	TLS certificate errors will be ignored for this session
2018-06-26 23:57:03.541 plugin-container[7203:523806] Unable to find feedback application.
2018-06-26 23:57:03.556 plugin-container[7203:523806] *** CFMessagePort: bootstrap_register(): failed 1100 (0x44c) 'Permission denied', port = 0x7843, name = 'com.apple.tsm.portname'
See /usr/include/servers/bootstrap_defs.h for the error codes.
1530082832439	geckodriver	INFO	geckodriver 0.20.1
1530082832507	geckodriver	INFO	Listening on 127.0.0.1:57329
1530082833470	mozrunner::runner	INFO	Running command: "/Applications/Firefox.app/Contents/MacOS/firefox-bin" "-marionette" "-profile" "/var/folders/s0/wmkqj225197fdx33jq0nl7100000gn/T/rust_mozprofile.jfK2peGr2gma"
2018-06-27 00:00:34.727 plugin-container[7289:526652] Unable to find feedback application.
2018-06-27 00:00:34.734 plugin-container[7289:526652] *** CFMessagePort: bootstrap_register(): failed 1100 (0x44c) 'Permission denied', port = 0x7343, name = 'com.apple.tsm.portname'
See /usr/include/servers/bootstrap_defs.h for the error codes.
1530082835274	Marionette	INFO	Listening on port 57340
1530082835351	Marionette	WARN	TLS certificate errors will be ignored for this session
2018-06-27 00:00:35.978 plugin-container[7290:526741] Unable to find feedback application.
2018-06-27 00:00:35.998 plugin-container[7290:526741] *** CFMessagePort: bootstrap_register(): failed 1100 (0x44c) 'Permission denied', port = 0x7533, name = 'com.apple.tsm.portname'
See /usr/include/servers/bootstrap_defs.h for the error codes.
1530082849119	geckodriver	INFO	geckodriver 0.20.1
1530082849254	geckodriver	INFO	Listening on 127.0.0.1:57482
1530082850148	mozrunner::runner	INFO	Running command: "/Applications/Firefox.app/Contents/MacOS/firefox-bin" "-marionette" "-profile" "/var/folders/s0/wmkqj225197fdx33jq0nl7100000gn/T/rust_mozprofile.5wWVMdTkGERY"
2018-06-27 00:00:51.604 plugin-container[7301:527158] Unable to find feedback application.
2018-06-27 00:00:51.612 plugin-container[7301:527158] *** CFMessagePort: bootstrap_register(): failed 1100 (0x44c) 'Permission denied', port = 0x8537, name = 'com.apple.tsm.portname'
See /usr/include/servers/bootstrap_defs.h for the error codes.
1530082852303	Marionette	INFO	Listening on port 57489
1530082852378	Marionette	WARN	TLS certificate errors will be ignored for this session
2018-06-27 00:00:53.154 plugin-container[7302:527246] Unable to find feedback application.
2018-06-27 00:00:53.166 plugin-container[7302:527246] *** CFMessagePort: bootstrap_register(): failed 1100 (0x44c) 'Permission denied', port = 0x7203, name = 'com.apple.tsm.portname'
See /usr/include/servers/bootstrap_defs.h for the error codes.
1530083279003	geckodriver	INFO	geckodriver 0.20.1
1530083279077	geckodriver	INFO	Listening on 127.0.0.1:58035
1530083280028	mozrunner::runner	INFO	Running command: "/Applications/Firefox.app/Contents/MacOS/firefox-bin" "-marionette" "-profile" "/var/folders/s0/wmkqj225197fdx33jq0nl7100000gn/T/rust_mozprofile.LoDtGktjJ2E2"
2018-06-27 00:08:02.354 plugin-container[7462:533638] Unable to find feedback application.
2018-06-27 00:08:02.363 plugin-container[7462:533638] *** CFMessagePort: bootstrap_register(): failed 1100 (0x44c) 'Permission denied', port = 0x7903, name = 'com.apple.tsm.portname'
See /usr/include/servers/bootstrap_defs.h for the error codes.
2018-06-27 00:08:02.751 plugin-container[7465:533810] Unable to find feedback application.
2018-06-27 00:08:02.761 plugin-container[7465:533810] *** CFMessagePort: bootstrap_register(): failed 1100 (0x44c) 'Permission denied', port = 0x7303, name = 'com.apple.tsm.portname'
See /usr/include/servers/bootstrap_defs.h for the error codes.
1530083283006	Marionette	INFO	Listening on port 58042
1530083283116	Marionette	WARN	TLS certificate errors will be ignored for this session
1530083295230	geckodriver	INFO	geckodriver 0.20.1
1530083295238	geckodriver	INFO	geckodriver 0.20.1
1530083295402	geckodriver	INFO	Listening on 127.0.0.1:58203
1530083295419	geckodriver	INFO	Listening on 127.0.0.1:58202
*** UTM:SVC TimerManager:registerTimer called after profile-before-change notification. Ignoring timer registration for id: telemetry_modules_ping
1530083296271	mozrunner::runner	INFO	Running command: "/Applications/Firefox.app/Contents/MacOS/firefox-bin" "-marionette" "-profile" "/var/folders/s0/wmkqj225197fdx33jq0nl7100000gn/T/rust_mozprofile.SOEBrsXKMT9L"
1530083296271	mozrunner::runner	INFO	Running command: "/Applications/Firefox.app/Contents/MacOS/firefox-bin" "-marionette" "-profile" "/var/folders/s0/wmkqj225197fdx33jq0nl7100000gn/T/rust_mozprofile.EQzoEDY5iMF7"
2018-06-27 00:08:18.225 plugin-container[7470:534388] Unable to find feedback application.
2018-06-27 00:08:18.270 plugin-container[7470:534388] *** CFMessagePort: bootstrap_register(): failed 1100 (0x44c) 'Permission denied', port = 0x8d43, name = 'com.apple.tsm.portname'
See /usr/include/servers/bootstrap_defs.h for the error codes.
2018-06-27 00:08:18.323 plugin-container[7471:534390] Unable to find feedback application.
2018-06-27 00:08:18.334 plugin-container[7471:534390] *** CFMessagePort: bootstrap_register(): failed 1100 (0x44c) 'Permission denied', port = 0x7a3f, name = 'com.apple.tsm.portname'
See /usr/include/servers/bootstrap_defs.h for the error codes.
2018-06-27 00:08:18.899 plugin-container[7472:534506] Unable to find feedback application.
2018-06-27 00:08:18.912 plugin-container[7473:534511] Unable to find feedback application.
2018-06-27 00:08:18.914 plugin-container[7472:534506] *** CFMessagePort: bootstrap_register(): failed 1100 (0x44c) 'Permission denied', port = 0x8d47, name = 'com.apple.tsm.portname'
See /usr/include/servers/bootstrap_defs.h for the error codes.
2018-06-27 00:08:18.922 plugin-container[7473:534511] *** CFMessagePort: bootstrap_register(): failed 1100 (0x44c) 'Permission denied', port = 0x7147, name = 'com.apple.tsm.portname'
See /usr/include/servers/bootstrap_defs.h for the error codes.
1530083299277	Marionette	INFO	Listening on port 58221
1530083299284	Marionette	INFO	Listening on port 58220
1530083299387	Marionette	WARN	TLS certificate errors will be ignored for this session
1530083299581	Marionette	WARN	TLS certificate errors will be ignored for this session
1530083359125	geckodriver	INFO	geckodriver 0.20.1
1530083359201	geckodriver	INFO	Listening on 127.0.0.1:58670
1530083360154	mozrunner::runner	INFO	Running command: "/Applications/Firefox.app/Contents/MacOS/firefox-bin" "-marionette" "-profile" "/var/folders/s0/wmkqj225197fdx33jq0nl7100000gn/T/rust_mozprofile.FTfisk4vQvqM"
2018-06-27 00:09:21.944 plugin-container[7544:535982] Unable to find feedback application.
2018-06-27 00:09:21.953 plugin-container[7544:535982] *** CFMessagePort: bootstrap_register(): failed 1100 (0x44c) 'Permission denied', port = 0x8943, name = 'com.apple.tsm.portname'
See /usr/include/servers/bootstrap_defs.h for the error codes.
1530083362589	Marionette	INFO	Listening on port 58677
2018-06-27 00:09:22.640 plugin-container[7552:536108] Unable to find feedback application.
1530083362643	Marionette	WARN	TLS certificate errors will be ignored for this session
2018-06-27 00:09:22.657 plugin-container[7552:536108] *** CFMessagePort: bootstrap_register(): failed 1100 (0x44c) 'Permission denied', port = 0x832f, name = 'com.apple.tsm.portname'
See /usr/include/servers/bootstrap_defs.h for the error codes.
1530083372586	geckodriver	INFO	geckodriver 0.20.1
1530083372598	geckodriver	INFO	geckodriver 0.20.1
1530083372786	geckodriver	INFO	Listening on 127.0.0.1:58831
1530083372786	geckodriver	INFO	Listening on 127.0.0.1:58830
*** UTM:SVC TimerManager:registerTimer called after profile-before-change notification. Ignoring timer registration for id: telemetry_modules_ping
1530083373628	mozrunner::runner	INFO	Running command: "/Applications/Firefox.app/Contents/MacOS/firefox-bin" "-marionette" "-profile" "/var/folders/s0/wmkqj225197fdx33jq0nl7100000gn/T/rust_mozprofile.VaJa860bv4v8"
1530083373631	mozrunner::runner	INFO	Running command: "/Applications/Firefox.app/Contents/MacOS/firefox-bin" "-marionette" "-profile" "/var/folders/s0/wmkqj225197fdx33jq0nl7100000gn/T/rust_mozprofile.c6luNCaYoboH"
2018-06-27 00:09:35.327 plugin-container[7557:536668] Unable to find feedback application.
2018-06-27 00:09:35.332 plugin-container[7558:536670] Unable to find feedback application.
2018-06-27 00:09:35.338 plugin-container[7557:536668] *** CFMessagePort: bootstrap_register(): failed 1100 (0x44c) 'Permission denied', port = 0x7b0b, name = 'com.apple.tsm.portname'
See /usr/include/servers/bootstrap_defs.h for the error codes.
2018-06-27 00:09:35.347 plugin-container[7558:536670] *** CFMessagePort: bootstrap_register(): failed 1100 (0x44c) 'Permission denied', port = 0x8843, name = 'com.apple.tsm.portname'
See /usr/include/servers/bootstrap_defs.h for the error codes.
2018-06-27 00:09:36.067 plugin-container[7559:536809] Unable to find feedback application.
2018-06-27 00:09:36.079 plugin-container[7559:536809] *** CFMessagePort: bootstrap_register(): failed 1100 (0x44c) 'Permission denied', port = 0x873f, name = 'com.apple.tsm.portname'
See /usr/include/servers/bootstrap_defs.h for the error codes.
1530083376107	Marionette	INFO	Listening on port 58849
1530083376238	Marionette	WARN	TLS certificate errors will be ignored for this session
2018-06-27 00:09:36.241 plugin-container[7560:536820] Unable to find feedback application.
2018-06-27 00:09:36.252 plugin-container[7560:536820] *** CFMessagePort: bootstrap_register(): failed 1100 (0x44c) 'Permission denied', port = 0x6d3f, name = 'com.apple.tsm.portname'
See /usr/include/servers/bootstrap_defs.h for the error codes.
1530083376375	Marionette	INFO	Listening on port 58850
1530083376503	Marionette	WARN	TLS certificate errors will be ignored for this session
*** UTM:SVC TimerManager:registerTimer called after profile-before-change notification. Ignoring timer registration for id: telemetry_modules_ping
*** UTM:SVC TimerManager:registerTimer called after profile-before-change notification. Ignoring timer registration for id: telemetry_modules_ping
1530395669006	geckodriver	INFO	geckodriver 0.20.1
1530395669135	geckodriver	INFO	Listening on 127.0.0.1:51066
1530395670024	mozrunner::runner	INFO	Running command: "/Applications/Firefox.app/Contents/MacOS/firefox-bin" "-marionette" "-profile" "/var/folders/s0/wmkqj225197fdx33jq0nl7100000gn/T/rust_mozprofile.1Pz9WtuL75Fb"
2018-06-30 14:54:32.082 plugin-container[3044:117293] Unable to find feedback application.
2018-06-30 14:54:32.090 plugin-container[3044:117293] *** CFMessagePort: bootstrap_register(): failed 1100 (0x44c) 'Permission denied', port = 0x7243, name = 'com.apple.tsm.portname'
See /usr/include/servers/bootstrap_defs.h for the error codes.
2018-06-30 14:54:32.439 plugin-container[3044:117293] unable to obtain configuration from file:///Library/Preferences/com.apple.ViewBridge.plist due to Error Domain=NSCocoaErrorDomain Code=257 "The file “com.apple.ViewBridge.plist” couldn’t be opened because you don’t have permission to view it." UserInfo={NSFilePath=/Library/Preferences/com.apple.ViewBridge.plist, NSUnderlyingError=0x117e35910 {Error Domain=NSPOSIXErrorDomain Code=1 "Operation not permitted"}}
2018-06-30 14:54:32.443 plugin-container[3044:117294] +[NSXPCSharedListener endpointForReply:withListenerName:]: an error occurred while attempting to obtain endpoint for listener 'ClientCallsAuxiliary': Connection invalid
2018-06-30 14:54:32.859 plugin-container[3053:117382] Unable to find feedback application.
2018-06-30 14:54:32.869 plugin-container[3053:117382] *** CFMessagePort: bootstrap_register(): failed 1100 (0x44c) 'Permission denied', port = 0x8c3b, name = 'com.apple.tsm.portname'
See /usr/include/servers/bootstrap_defs.h for the error codes.
1530395672961	Marionette	INFO	Listening on port 51077
1530395672970	Marionette	WARN	TLS certificate errors will be ignored for this session
2018-06-30 14:54:33.060 plugin-container[3053:117382] unable to obtain configuration from file:///Library/Preferences/com.apple.ViewBridge.plist due to Error Domain=NSCocoaErrorDomain Code=257 "The file “com.apple.ViewBridge.plist” couldn’t be opened because you don’t have permission to view it." UserInfo={NSFilePath=/Library/Preferences/com.apple.ViewBridge.plist, NSUnderlyingError=0x10e415bb0 {Error Domain=NSPOSIXErrorDomain Code=1 "Operation not permitted"}}
2018-06-30 14:54:33.063 plugin-container[3053:117384] +[NSXPCSharedListener endpointForReply:withListenerName:]: an error occurred while attempting to obtain endpoint for listener 'ClientCallsAuxiliary': Connection invalid
1530395690298	geckodriver	INFO	geckodriver 0.20.1
1530395690297	geckodriver	INFO	geckodriver 0.20.1
1530395690450	geckodriver	INFO	Listening on 127.0.0.1:51267
1530395690455	geckodriver	INFO	Listening on 127.0.0.1:51268
*** UTM:SVC TimerManager:registerTimer called after profile-before-change notification. Ignoring timer registration for id: telemetry_modules_ping
1530395691314	mozrunner::runner	INFO	Running command: "/Applications/Firefox.app/Contents/MacOS/firefox-bin" "-marionette" "-profile" "/var/folders/s0/wmkqj225197fdx33jq0nl7100000gn/T/rust_mozprofile.mRHROhywU7K2"
1530395691315	mozrunner::runner	INFO	Running command: "/Applications/Firefox.app/Contents/MacOS/firefox-bin" "-marionette" "-profile" "/var/folders/s0/wmkqj225197fdx33jq0nl7100000gn/T/rust_mozprofile.MJ1iHLyy4Uq6"
2018-06-30 14:54:53.614 plugin-container[3063:118114] Unable to find feedback application.
2018-06-30 14:54:53.637 plugin-container[3063:118114] *** CFMessagePort: bootstrap_register(): failed 1100 (0x44c) 'Permission denied', port = 0x6e07, name = 'com.apple.tsm.portname'
See /usr/include/servers/bootstrap_defs.h for the error codes.
2018-06-30 14:54:53.645 plugin-container[3064:118116] Unable to find feedback application.
2018-06-30 14:54:53.662 plugin-container[3064:118116] *** CFMessagePort: bootstrap_register(): failed 1100 (0x44c) 'Permission denied', port = 0x6f0b, name = 'com.apple.tsm.portname'
See /usr/include/servers/bootstrap_defs.h for the error codes.
2018-06-30 14:54:53.943 plugin-container[3064:118116] unable to obtain configuration from file:///Library/Preferences/com.apple.ViewBridge.plist due to Error Domain=NSCocoaErrorDomain Code=257 "The file “com.apple.ViewBridge.plist” couldn’t be opened because you don’t have permission to view it." UserInfo={NSFilePath=/Library/Preferences/com.apple.ViewBridge.plist, NSUnderlyingError=0x112e1c850 {Error Domain=NSPOSIXErrorDomain Code=1 "Operation not permitted"}}
2018-06-30 14:54:53.947 plugin-container[3064:118144] +[NSXPCSharedListener endpointForReply:withListenerName:]: an error occurred while attempting to obtain endpoint for listener 'ClientCallsAuxiliary': Connection invalid
2018-06-30 14:54:54.015 plugin-container[3063:118114] unable to obtain configuration from file:///Library/Preferences/com.apple.ViewBridge.plist due to Error Domain=NSCocoaErrorDomain Code=257 "The file “com.apple.ViewBridge.plist” couldn’t be opened because you don’t have permission to view it." UserInfo={NSFilePath=/Library/Preferences/com.apple.ViewBridge.plist, NSUnderlyingError=0x11c0197c0 {Error Domain=NSPOSIXErrorDomain Code=1 "Operation not permitted"}}
2018-06-30 14:54:54.029 plugin-container[3063:118117] +[NSXPCSharedListener endpointForReply:withListenerName:]: an error occurred while attempting to obtain endpoint for listener 'ClientCallsAuxiliary': Connection invalid
2018-06-30 14:54:54.612 plugin-container[3066:118236] Unable to find feedback application.
2018-06-30 14:54:54.640 plugin-container[3066:118236] *** CFMessagePort: bootstrap_register(): failed 1100 (0x44c) 'Permission denied', port = 0x8a3b, name = 'com.apple.tsm.portname'
See /usr/include/servers/bootstrap_defs.h for the error codes.
2018-06-30 14:54:54.641 plugin-container[3067:118237] Unable to find feedback application.
2018-06-30 14:54:54.655 plugin-container[3067:118237] *** CFMessagePort: bootstrap_register(): failed 1100 (0x44c) 'Permission denied', port = 0x7a3b, name = 'com.apple.tsm.portname'
See /usr/include/servers/bootstrap_defs.h for the error codes.
1530395694742	Marionette	INFO	Listening on port 51295
1530395694861	Marionette	WARN	TLS certificate errors will be ignored for this session
2018-06-30 14:54:54.971 plugin-container[3066:118236] unable to obtain configuration from file:///Library/Preferences/com.apple.ViewBridge.plist due to Error Domain=NSCocoaErrorDomain Code=257 "The file “com.apple.ViewBridge.plist” couldn’t be opened because you don’t have permission to view it." UserInfo={NSFilePath=/Library/Preferences/com.apple.ViewBridge.plist, NSUnderlyingError=0x10e613bb0 {Error Domain=NSPOSIXErrorDomain Code=1 "Operation not permitted"}}
2018-06-30 14:54:54.975 plugin-container[3066:118241] +[NSXPCSharedListener endpointForReply:withListenerName:]: an error occurred while attempting to obtain endpoint for listener 'ClientCallsAuxiliary': Connection invalid
2018-06-30 14:54:54.981 plugin-container[3067:118237] unable to obtain configuration from file:///Library/Preferences/com.apple.ViewBridge.plist due to Error Domain=NSCocoaErrorDomain Code=257 "The file “com.apple.ViewBridge.plist” couldn’t be opened because you don’t have permission to view it." UserInfo={NSFilePath=/Library/Preferences/com.apple.ViewBridge.plist, NSUnderlyingError=0x111912be0 {Error Domain=NSPOSIXErrorDomain Code=1 "Operation not permitted"}}
2018-06-30 14:54:54.986 plugin-container[3067:118250] +[NSXPCSharedListener endpointForReply:withListenerName:]: an error occurred while attempting to obtain endpoint for listener 'ClientCallsAuxiliary': Connection invalid
1530395695222	Marionette	INFO	Listening on port 51294
1530395695330	Marionette	WARN	TLS certificate errors will be ignored for this session
1530396007881	geckodriver	INFO	geckodriver 0.20.1
1530396007952	geckodriver	INFO	Listening on 127.0.0.1:52457
1530396008995	mozrunner::runner	INFO	Running command: "/Applications/Firefox.app/Contents/MacOS/firefox-bin" "-marionette" "-profile" "/var/folders/s0/wmkqj225197fdx33jq0nl7100000gn/T/rust_mozprofile.whlrUfnaxgdv"
2018-06-30 15:00:11.136 plugin-container[3274:124066] Unable to find feedback application.
2018-06-30 15:00:11.146 plugin-container[3274:124066] *** CFMessagePort: bootstrap_register(): failed 1100 (0x44c) 'Permission denied', port = 0x893b, name = 'com.apple.tsm.portname'
See /usr/include/servers/bootstrap_defs.h for the error codes.
2018-06-30 15:00:11.295 plugin-container[3274:124066] unable to obtain configuration from file:///Library/Preferences/com.apple.ViewBridge.plist due to Error Domain=NSCocoaErrorDomain Code=257 "The file “com.apple.ViewBridge.plist” couldn’t be opened because you don’t have permission to view it." UserInfo={NSFilePath=/Library/Preferences/com.apple.ViewBridge.plist, NSUnderlyingError=0x115d37a60 {Error Domain=NSPOSIXErrorDomain Code=1 "Operation not permitted"}}
2018-06-30 15:00:11.298 plugin-container[3274:124067] +[NSXPCSharedListener endpointForReply:withListenerName:]: an error occurred while attempting to obtain endpoint for listener 'ClientCallsAuxiliary': Connection invalid
1530396011577	Marionette	INFO	Listening on port 52469
1530396011603	Marionette	WARN	TLS certificate errors will be ignored for this session
2018-06-30 15:00:12.589 plugin-container[3275:124175] Unable to find feedback application.
2018-06-30 15:00:12.613 plugin-container[3275:124175] *** CFMessagePort: bootstrap_register(): failed 1100 (0x44c) 'Permission denied', port = 0x8e3b, name = 'com.apple.tsm.portname'
See /usr/include/servers/bootstrap_defs.h for the error codes.
2018-06-30 15:00:12.895 plugin-container[3275:124175] unable to obtain configuration from file:///Library/Preferences/com.apple.ViewBridge.plist due to Error Domain=NSCocoaErrorDomain Code=257 "The file “com.apple.ViewBridge.plist” couldn’t be opened because you don’t have permission to view it." UserInfo={NSFilePath=/Library/Preferences/com.apple.ViewBridge.plist, NSUnderlyingError=0x115b43850 {Error Domain=NSPOSIXErrorDomain Code=1 "Operation not permitted"}}
2018-06-30 15:00:12.907 plugin-container[3275:124176] +[NSXPCSharedListener endpointForReply:withListenerName:]: an error occurred while attempting to obtain endpoint for listener 'ClientCallsAuxiliary': Connection invalid
1530396024214	geckodriver	INFO	geckodriver 0.20.1
1530396024223	geckodriver	INFO	geckodriver 0.20.1
1530396024385	geckodriver	INFO	Listening on 127.0.0.1:52623
1530396024395	geckodriver	INFO	Listening on 127.0.0.1:52625
*** UTM:SVC TimerManager:registerTimer called after profile-before-change notification. Ignoring timer registration for id: telemetry_modules_ping
1530396025239	mozrunner::runner	INFO	Running command: "/Applications/Firefox.app/Contents/MacOS/firefox-bin" "-marionette" "-profile" "/var/folders/s0/wmkqj225197fdx33jq0nl7100000gn/T/rust_mozprofile.MJJhZifaCogE"
1530396025243	mozrunner::runner	INFO	Running command: "/Applications/Firefox.app/Contents/MacOS/firefox-bin" "-marionette" "-profile" "/var/folders/s0/wmkqj225197fdx33jq0nl7100000gn/T/rust_mozprofile.sO7o9HFxcgzd"
2018-06-30 15:00:27.348 plugin-container[3281:124570] Unable to find feedback application.
2018-06-30 15:00:27.363 plugin-container[3281:124570] *** CFMessagePort: bootstrap_register(): failed 1100 (0x44c) 'Permission denied', port = 0x8b43, name = 'com.apple.tsm.portname'
See /usr/include/servers/bootstrap_defs.h for the error codes.
2018-06-30 15:00:27.403 plugin-container[3282:124572] Unable to find feedback application.
2018-06-30 15:00:27.419 plugin-container[3282:124572] *** CFMessagePort: bootstrap_register(): failed 1100 (0x44c) 'Permission denied', port = 0x7507, name = 'com.apple.tsm.portname'
See /usr/include/servers/bootstrap_defs.h for the error codes.
2018-06-30 15:00:27.637 plugin-container[3281:124570] unable to obtain configuration from file:///Library/Preferences/com.apple.ViewBridge.plist due to Error Domain=NSCocoaErrorDomain Code=257 "The file “com.apple.ViewBridge.plist” couldn’t be opened because you don’t have permission to view it." UserInfo={NSFilePath=/Library/Preferences/com.apple.ViewBridge.plist, NSUnderlyingError=0x109ab6a60 {Error Domain=NSPOSIXErrorDomain Code=1 "Operation not permitted"}}
2018-06-30 15:00:27.642 plugin-container[3281:124573] +[NSXPCSharedListener endpointForReply:withListenerName:]: an error occurred while attempting to obtain endpoint for listener 'ClientCallsAuxiliary': Connection invalid
2018-06-30 15:00:27.672 plugin-container[3282:124572] unable to obtain configuration from file:///Library/Preferences/com.apple.ViewBridge.plist due to Error Domain=NSCocoaErrorDomain Code=257 "The file “com.apple.ViewBridge.plist” couldn’t be opened because you don’t have permission to view it." UserInfo={NSFilePath=/Library/Preferences/com.apple.ViewBridge.plist, NSUnderlyingError=0x11253b7c0 {Error Domain=NSPOSIXErrorDomain Code=1 "Operation not permitted"}}
2018-06-30 15:00:27.676 plugin-container[3282:124604] +[NSXPCSharedListener endpointForReply:withListenerName:]: an error occurred while attempting to obtain endpoint for listener 'ClientCallsAuxiliary': Connection invalid
2018-06-30 15:00:28.093 plugin-container[3284:124686] Unable to find feedback application.
2018-06-30 15:00:28.104 plugin-container[3284:124686] *** CFMessagePort: bootstrap_register(): failed 1100 (0x44c) 'Permission denied', port = 0x6c27, name = 'com.apple.tsm.portname'
See /usr/include/servers/bootstrap_defs.h for the error codes.
1530396028275	Marionette	INFO	Listening on port 52651
1530396028291	Marionette	INFO	Listening on port 52650
1530396028395	Marionette	WARN	TLS certificate errors will be ignored for this session
1530396028416	Marionette	WARN	TLS certificate errors will be ignored for this session
2018-06-30 15:00:28.544 plugin-container[3284:124686] unable to obtain configuration from file:///Library/Preferences/com.apple.ViewBridge.plist due to Error Domain=NSCocoaErrorDomain Code=257 "The file “com.apple.ViewBridge.plist” couldn’t be opened because you don’t have permission to view it." UserInfo={NSFilePath=/Library/Preferences/com.apple.ViewBridge.plist, NSUnderlyingError=0x116116220 {Error Domain=NSPOSIXErrorDomain Code=1 "Operation not permitted"}}
2018-06-30 15:00:28.549 plugin-container[3284:124692] +[NSXPCSharedListener endpointForReply:withListenerName:]: an error occurred while attempting to obtain endpoint for listener 'ClientCallsAuxiliary': Connection invalid
2018-06-30 15:00:28.764 plugin-container[3285:124740] Unable to find feedback application.
2018-06-30 15:00:28.779 plugin-container[3285:124740] *** CFMessagePort: bootstrap_register(): failed 1100 (0x44c) 'Permission denied', port = 0x8b43, name = 'com.apple.tsm.portname'
See /usr/include/servers/bootstrap_defs.h for the error codes.
2018-06-30 15:00:29.522 plugin-container[3285:124740] unable to obtain configuration from file:///Library/Preferences/com.apple.ViewBridge.plist due to Error Domain=NSCocoaErrorDomain Code=257 "The file “com.apple.ViewBridge.plist” couldn’t be opened because you don’t have permission to view it." UserInfo={NSFilePath=/Library/Preferences/com.apple.ViewBridge.plist, NSUnderlyingError=0x114917310 {Error Domain=NSPOSIXErrorDomain Code=1 "Operation not permitted"}}
2018-06-30 15:00:29.536 plugin-container[3285:124769] +[NSXPCSharedListener endpointForReply:withListenerName:]: an error occurred while attempting to obtain endpoint for listener 'ClientCallsAuxiliary': Connection invalid
*** UTM:SVC TimerManager:registerTimer called after profile-before-change notification. Ignoring timer registration for id: telemetry_modules_ping
*** UTM:SVC TimerManager:registerTimer called after profile-before-change notification. Ignoring timer registration for id: telemetry_modules_ping
